Using pre-set license
Built from '2021.1/release' branch; Version is '2021.1.16f1 (5fa502fca597) revision 6268162'; Using compiler version '192528614'; Build Type 'Release'
OS: 'Windows 10 Pro; OS build 19041.1165; Version 2004; 64bit' Language: 'en' Physical Memory: 32628 MB
BatchMode: 1, IsHumanControllingUs: 0, StartBugReporterOnCrash: 0, Is64bit: 1, IsPro: 0

 COMMAND LINE ARGUMENTS:
E:\Program Files\Unity\2021.1.16f1\Editor\Unity.exe
-adb2
-batchMode
-noUpm
-name
AssetImportWorker0
-projectPath
C:/Users/Peter/OneDrive - Flinders/TowerDefenseDemo
-logFile
Logs/AssetImportWorker0.log
-srvPort
60536
Successfully changed project path to: C:/Users/Peter/OneDrive - Flinders/TowerDefenseDemo
C:/Users/Peter/OneDrive - Flinders/TowerDefenseDemo
Using Asset Import Pipeline V2.
Refreshing native plugins compatible for Editor in 83.66 ms, found 2 plugins.
Preloading 0 native plugins for Editor in 0.00 ms.
Initialize engine version: 2021.1.16f1 (5fa502fca597)
[Subsystems] Discovering subsystems at path E:/Program Files/Unity/2021.1.16f1/Editor/Data/Resources/UnitySubsystems
[Subsystems] Discovering subsystems at path C:/Users/Peter/OneDrive - Flinders/TowerDefenseDemo/Assets
GfxDevice: creating device client; threaded=0; jobified=0
Direct3D:
    Version:  Direct3D 11.0 [level 11.1]
    Renderer: NVIDIA GeForce GTX 980 (ID=0x13c0)
    Vendor:   NVIDIA
    VRAM:     4053 MB
    Driver:   27.21.14.5671
Initialize mono
Mono path[0] = 'E:/Program Files/Unity/2021.1.16f1/Editor/Data/Managed'
Mono path[1] = 'E:/Program Files/Unity/2021.1.16f1/Editor/Data/MonoBleedingEdge/lib/mono/unityjit'
Mono config path = 'E:/Program Files/Unity/2021.1.16f1/Editor/Data/MonoBleedingEdge/etc'
Using monoOptions --debugger-agent=transport=dt_socket,embedding=1,server=y,suspend=n,address=127.0.0.1:56428
Begin MonoManager ReloadAssembly
Registering precompiled unity dll's ...
Register platform support module: E:/Program Files/Unity/2021.1.16f1/Editor/Data/PlaybackEngines/WindowsStandaloneSupport/UnityEditor.WindowsStandalone.Extensions.dll
Registered in 0.002099 seconds.
Native extension for WindowsStandalone target not found
Refreshing native plugins compatible for Editor in 60.93 ms, found 2 plugins.
Preloading 0 native plugins for Editor in 0.00 ms.
Mono: successfully reloaded assembly
- Completed reload, in  1.411 seconds
Domain Reload Profiling:
	ReloadAssembly (1411ms)
		BeginReloadAssembly (81ms)
			ExecutionOrderSort (0ms)
			DisableScriptedObjects (0ms)
			BackupInstance (0ms)
			ReleaseScriptingObjects (0ms)
			CreateAndSetChildDomain (1ms)
		EndReloadAssembly (502ms)
			LoadAssemblies (80ms)
			RebuildTransferFunctionScriptingTraits (0ms)
			SetupTypeCache (190ms)
			ReleaseScriptCaches (0ms)
			RebuildScriptCaches (35ms)
			SetupLoadedEditorAssemblies (223ms)
				LogAssemblyErrors (0ms)
				InitializePlatformSupportModulesInManaged (8ms)
				SetLoadedEditorAssemblies (0ms)
				RefreshPlugins (61ms)
				BeforeProcessingInitializeOnLoad (1ms)
				ProcessInitializeOnLoadAttributes (114ms)
				ProcessInitializeOnLoadMethodAttributes (38ms)
				AfterProcessingInitializeOnLoad (0ms)
				EditorAssembliesLoaded (0ms)
			ExecutionOrderSort2 (0ms)
			AwakeInstancesAfterBackupRestoration (0ms)
Platform modules already initialized, skipping
Registering precompiled user dll's ...
Registered in 0.012598 seconds.
Begin MonoManager ReloadAssembly
Native extension for WindowsStandalone target not found
Refreshing native plugins compatible for Editor in 1.10 ms, found 2 plugins.
Preloading 0 native plugins for Editor in 0.00 ms.
Mono: successfully reloaded assembly
- Completed reload, in  1.504 seconds
Domain Reload Profiling:
	ReloadAssembly (1505ms)
		BeginReloadAssembly (190ms)
			ExecutionOrderSort (0ms)
			DisableScriptedObjects (5ms)
			BackupInstance (0ms)
			ReleaseScriptingObjects (0ms)
			CreateAndSetChildDomain (28ms)
		EndReloadAssembly (1242ms)
			LoadAssemblies (131ms)
			RebuildTransferFunctionScriptingTraits (0ms)
			SetupTypeCache (370ms)
			ReleaseScriptCaches (1ms)
			RebuildScriptCaches (52ms)
			SetupLoadedEditorAssemblies (579ms)
				LogAssemblyErrors (0ms)
				InitializePlatformSupportModulesInManaged (4ms)
				SetLoadedEditorAssemblies (0ms)
				RefreshPlugins (1ms)
				BeforeProcessingInitializeOnLoad (77ms)
				ProcessInitializeOnLoadAttributes (415ms)
				ProcessInitializeOnLoadMethodAttributes (78ms)
				AfterProcessingInitializeOnLoad (3ms)
				EditorAssembliesLoaded (0ms)
			ExecutionOrderSort2 (0ms)
			AwakeInstancesAfterBackupRestoration (11ms)
Platform modules already initialized, skipping
========================================================================
Worker process is ready to serve import requests
Launched and connected shader compiler UnityShaderCompiler.exe after 0.05 seconds
Refreshing native plugins compatible for Editor in 0.71 ms, found 2 plugins.
Preloading 0 native plugins for Editor in 0.00 ms.
Unloading 2028 Unused Serialized files (Serialized files now loaded: 0)
System memory in use before: 101.9 MB.
System memory in use after: 102.0 MB.

Unloading 58 unused Assets to reduce memory usage. Loaded Objects now: 2472.
Total: 11.943300 ms (FindLiveObjects: 0.271500 ms CreateObjectMapping: 0.182600 ms MarkObjects: 11.373500 ms  DeleteObjects: 0.114300 ms)

AssetImportParameters requested are different than current active one (requested -> active):
  custom:framework-win-MediaFoundation: 216162199b28c13a410421893ffa2e32 -> 
  custom:video-decoder-ogg-theora: a1e56fd34408186e4bbccfd4996cb3dc -> 
  custom:container-muxer-webm: aa71ff27fc2769a1b78a27578f13a17b -> 
  custom:container-demuxer-webm: 4f35f7cbe854078d1ac9338744f61a02 -> 
  custom:container-demuxer-ogg: 62fdf1f143b41e24485cea50d1cbac27 -> 
  custom:video-encoder-webm-vp8: eb34c28f22e8b96e1ab97ce403110664 -> 
  custom:video-codec-MediaFoundation-h265: 746d11721c4dcdbdad8f713fa42b33f4 -> 
  custom:video-decoder-webm-vp8: 9c59270c3fd7afecdb556c50c9e8de78 -> 
  custom:audio-decoder-ogg-vorbis: bf7c407c2cedff20999df2af8eb42d56 -> 
  custom:audio-encoder-webm-vorbis: bf7c407c2cedff20999df2af8eb42d56 -> 
========================================================================
Received Import Request.
  path: Assets/TowerDefence/Scripts/AISpawner.cs
  artifactKey: Guid(d5900c8843e4e314f967ee0995746d63) Importer(815301076,1909f56bfc062723c751e8b465ee728b)
Start importing Assets/TowerDefence/Scripts/AISpawner.cs using Guid(d5900c8843e4e314f967ee0995746d63) Importer(815301076,1909f56bfc062723c751e8b465ee728b)  -> (artifact id: '1b82a8e95d49e0bfff719ef6c747eb18') in 0.047974 seconds 
========================================================================
Received Import Request.
  Time since last request: 0.000335 seconds.
  path: Assets/TowerDefence/Scripts/TowerBehaviour.cs
  artifactKey: Guid(cbee7dcb8b5f27f46b2335f8bcc33529) Importer(815301076,1909f56bfc062723c751e8b465ee728b)
Start importing Assets/TowerDefence/Scripts/TowerBehaviour.cs using Guid(cbee7dcb8b5f27f46b2335f8bcc33529) Importer(815301076,1909f56bfc062723c751e8b465ee728b)  -> (artifact id: '71b9b8b865fe6e9471d6bad6f94c6219') in 0.002943 seconds 
========================================================================
Received Import Request.
  Time since last request: 5798.701849 seconds.
  path: Assets/TowerDefence/Scripts/LevelManager.cs
  artifactKey: Guid(d09efa97b6b2cac43afb284b4b1af14c) Importer(815301076,1909f56bfc062723c751e8b465ee728b)
Start importing Assets/TowerDefence/Scripts/LevelManager.cs using Guid(d09efa97b6b2cac43afb284b4b1af14c) Importer(815301076,1909f56bfc062723c751e8b465ee728b)  -> (artifact id: '644dc3343b60c9b6668f046b406a12c0') in 0.007292 seconds 
========================================================================
Received Import Request.
  Time since last request: 21.554227 seconds.
  path: Assets/TowerDefence/Scripts/RockMoveBehaviour.cs
  artifactKey: Guid(c2fcdb65fa575434bbdf2c4338f7ebf0) Importer(815301076,1909f56bfc062723c751e8b465ee728b)
Start importing Assets/TowerDefence/Scripts/RockMoveBehaviour.cs using Guid(c2fcdb65fa575434bbdf2c4338f7ebf0) Importer(815301076,1909f56bfc062723c751e8b465ee728b)  -> (artifact id: '654fe83978687c531d3cdd119802c5cd') in 0.004135 seconds 
========================================================================
Received Import Request.
  Time since last request: 188.471641 seconds.
  path: Assets/TowerDefence/Scripts/CameraBehaviour.cs
  artifactKey: Guid(ba379f031a1c74947845b69db6314c07) Importer(815301076,1909f56bfc062723c751e8b465ee728b)
Start importing Assets/TowerDefence/Scripts/CameraBehaviour.cs using Guid(ba379f031a1c74947845b69db6314c07) Importer(815301076,1909f56bfc062723c751e8b465ee728b)  -> (artifact id: 'd3738fad02bedab4518c746c364a3b87') in 0.003830 seconds 
========================================================================
Received Import Request.
  Time since last request: 133.540754 seconds.
  path: Assets/TowerDefence/Scripts/EndPointBehaviour.cs
  artifactKey: Guid(03615c5225da5ee40b446d85086be842) Importer(815301076,1909f56bfc062723c751e8b465ee728b)
Start importing Assets/TowerDefence/Scripts/EndPointBehaviour.cs using Guid(03615c5225da5ee40b446d85086be842) Importer(815301076,1909f56bfc062723c751e8b465ee728b)  -> (artifact id: '4a6adb198aca517a467c4d15e2a0063b') in 0.003611 seconds 
========================================================================
Received Import Request.
  Time since last request: 42.572756 seconds.
  path: Assets/TowerDefence/Scripts/ExplosionSimulationManager.cs
  artifactKey: Guid(1b5f35c00a2784c4d982a41aba63385e) Importer(815301076,1909f56bfc062723c751e8b465ee728b)
Start importing Assets/TowerDefence/Scripts/ExplosionSimulationManager.cs using Guid(1b5f35c00a2784c4d982a41aba63385e) Importer(815301076,1909f56bfc062723c751e8b465ee728b)  -> (artifact id: '7e29e8b6b374b3e4d140f1ac665f21cb') in 0.004174 seconds 
========================================================================
Received Import Request.
  Time since last request: 45.023686 seconds.
  path: Assets/TowerDefence/Scripts/HealthBarBehaviour.cs
  artifactKey: Guid(d81989fe1ee16b24781eaaae19c13aed) Importer(815301076,1909f56bfc062723c751e8b465ee728b)
Start importing Assets/TowerDefence/Scripts/HealthBarBehaviour.cs using Guid(d81989fe1ee16b24781eaaae19c13aed) Importer(815301076,1909f56bfc062723c751e8b465ee728b)  -> (artifact id: '0608fe174db87a9181959401a4f7482b') in 0.003694 seconds 
========================================================================
Received Import Request.
  Time since last request: 105.237560 seconds.
  path: Assets/TowerDefence/Scripts/ProjectileBehaviour.cs
  artifactKey: Guid(b0d80a21d77c6c74183f213de133d2bd) Importer(815301076,1909f56bfc062723c751e8b465ee728b)
Start importing Assets/TowerDefence/Scripts/ProjectileBehaviour.cs using Guid(b0d80a21d77c6c74183f213de133d2bd) Importer(815301076,1909f56bfc062723c751e8b465ee728b)  -> (artifact id: '0ed4b819e57dbfadf3f40267d57975c5') in 0.004269 seconds 
========================================================================
Received Import Request.
  Time since last request: 89.536847 seconds.
  path: Assets/TowerDefence/Scripts/SpawnAndDestroyEffect.cs
  artifactKey: Guid(8fdbcb413c18cc54f96239252657f031) Importer(815301076,1909f56bfc062723c751e8b465ee728b)
Start importing Assets/TowerDefence/Scripts/SpawnAndDestroyEffect.cs using Guid(8fdbcb413c18cc54f96239252657f031) Importer(815301076,1909f56bfc062723c751e8b465ee728b)  -> (artifact id: '4e7bb52f1072e1d55f87eb1e7d206485') in 0.004719 seconds 
========================================================================
Received Import Request.
  Time since last request: 127.544095 seconds.
  path: Assets/TowerDefence/Scripts/TowerRangeBehaviour.cs
  artifactKey: Guid(335719545bdeab649bcd5e57fa976ec5) Importer(815301076,1909f56bfc062723c751e8b465ee728b)
Start importing Assets/TowerDefence/Scripts/TowerRangeBehaviour.cs using Guid(335719545bdeab649bcd5e57fa976ec5) Importer(815301076,1909f56bfc062723c751e8b465ee728b)  -> (artifact id: '978f4690db6c670ca5882cb01e6b7361') in 0.004508 seconds 
========================================================================
Received Import Request.
  Time since last request: 46.306160 seconds.
  path: Assets/TowerDefence/Scripts/TowerSnapBehaviour.cs
  artifactKey: Guid(109b803aefac22d43834b01a0541ec55) Importer(815301076,1909f56bfc062723c751e8b465ee728b)
Start importing Assets/TowerDefence/Scripts/TowerSnapBehaviour.cs using Guid(109b803aefac22d43834b01a0541ec55) Importer(815301076,1909f56bfc062723c751e8b465ee728b)  -> (artifact id: '80fa806535e77c0918126b74ed937506') in 0.003787 seconds 
========================================================================
Received Import Request.
  Time since last request: 34.646205 seconds.
  path: Assets/TowerDefence/Scripts/TowerStatusDialog.cs
  artifactKey: Guid(ad613d04cafedaa49b7333f55753be99) Importer(815301076,1909f56bfc062723c751e8b465ee728b)
Start importing Assets/TowerDefence/Scripts/TowerStatusDialog.cs using Guid(ad613d04cafedaa49b7333f55753be99) Importer(815301076,1909f56bfc062723c751e8b465ee728b)  -> (artifact id: '6534f5a592c20d6733771c85da9307d6') in 0.004290 seconds 
========================================================================
Received Import Request.
  Time since last request: 44.337828 seconds.
  path: Assets/TowerDefence/Scripts/WaveCommand.cs
  artifactKey: Guid(1426af5a80319b647ba95be49203cfbd) Importer(815301076,1909f56bfc062723c751e8b465ee728b)
Start importing Assets/TowerDefence/Scripts/WaveCommand.cs using Guid(1426af5a80319b647ba95be49203cfbd) Importer(815301076,1909f56bfc062723c751e8b465ee728b)  -> (artifact id: '7de70f275f40df46cd9bd05515acd99c') in 0.005789 seconds 
========================================================================
Received Import Request.
  Time since last request: 59.100288 seconds.
  path: Assets/TowerDefence/Scripts/WayPointBehaviour.cs
  artifactKey: Guid(19793563fbf2c984f96dd8d107a946dd) Importer(815301076,1909f56bfc062723c751e8b465ee728b)
Start importing Assets/TowerDefence/Scripts/WayPointBehaviour.cs using Guid(19793563fbf2c984f96dd8d107a946dd) Importer(815301076,1909f56bfc062723c751e8b465ee728b)  -> (artifact id: '5bb74b5bb9c4e25457606da2a6ca9016') in 0.006155 seconds 
========================================================================
Received Import Request.
  Time since last request: 4698.481345 seconds.
  path: Assets/BreakdownDemo/Scripts/DAISpawnerBehaviour.cs
  artifactKey: Guid(04693e911c719c443a971dcdeb0d2c0b) Importer(815301076,1909f56bfc062723c751e8b465ee728b)
Start importing Assets/BreakdownDemo/Scripts/DAISpawnerBehaviour.cs using Guid(04693e911c719c443a971dcdeb0d2c0b) Importer(815301076,1909f56bfc062723c751e8b465ee728b)  -> (artifact id: 'eab01a38b4094fa65346ebea0ce76b7f') in 0.004193 seconds 
========================================================================
Received Import Request.
  Time since last request: 2345.907835 seconds.
  path: Assets/TowerDefence/Scripts/AIWayfinder.cs
  artifactKey: Guid(c816f022e5ce8114d985f39129ca07af) Importer(815301076,1909f56bfc062723c751e8b465ee728b)
Start importing Assets/TowerDefence/Scripts/AIWayfinder.cs using Guid(c816f022e5ce8114d985f39129ca07af) Importer(815301076,1909f56bfc062723c751e8b465ee728b)  -> (artifact id: '36abd9a240a4133ddcb73590c9a224cd') in 0.003690 seconds 
========================================================================
Received Prepare
Registering precompiled user dll's ...
Registered in 0.019408 seconds.
Begin MonoManager ReloadAssembly
Native extension for WindowsStandalone target not found
Refreshing native plugins compatible for Editor in 0.94 ms, found 2 plugins.
Preloading 0 native plugins for Editor in 0.00 ms.
Mono: successfully reloaded assembly
- Completed reload, in  2.077 seconds
Domain Reload Profiling:
	ReloadAssembly (2078ms)
		BeginReloadAssembly (468ms)
			ExecutionOrderSort (0ms)
			DisableScriptedObjects (24ms)
			BackupInstance (0ms)
			ReleaseScriptingObjects (0ms)
			CreateAndSetChildDomain (163ms)
		EndReloadAssembly (1505ms)
			LoadAssemblies (293ms)
			RebuildTransferFunctionScriptingTraits (0ms)
			SetupTypeCache (362ms)
			ReleaseScriptCaches (2ms)
			RebuildScriptCaches (69ms)
			SetupLoadedEditorAssemblies (686ms)
				LogAssemblyErrors (0ms)
				InitializePlatformSupportModulesInManaged (10ms)
				SetLoadedEditorAssemblies (1ms)
				RefreshPlugins (1ms)
				BeforeProcessingInitializeOnLoad (96ms)
				ProcessInitializeOnLoadAttributes (476ms)
				ProcessInitializeOnLoadMethodAttributes (99ms)
				AfterProcessingInitializeOnLoad (3ms)
				EditorAssembliesLoaded (0ms)
			ExecutionOrderSort2 (0ms)
			AwakeInstancesAfterBackupRestoration (15ms)
Platform modules already initialized, skipping
Refreshing native plugins compatible for Editor in 0.74 ms, found 2 plugins.
Preloading 0 native plugins for Editor in 0.00 ms.
Unloading 2006 Unused Serialized files (Serialized files now loaded: 0)
System memory in use before: 100.0 MB.
System memory in use after: 100.1 MB.

Unloading 49 unused Assets to reduce memory usage. Loaded Objects now: 2474.
Total: 7.242000 ms (FindLiveObjects: 0.242600 ms CreateObjectMapping: 0.165700 ms MarkObjects: 6.797300 ms  DeleteObjects: 0.034900 ms)

AssetImportParameters requested are different than current active one (requested -> active):
  custom:framework-win-MediaFoundation: 216162199b28c13a410421893ffa2e32 -> 
  custom:video-decoder-ogg-theora: a1e56fd34408186e4bbccfd4996cb3dc -> 
  custom:container-muxer-webm: aa71ff27fc2769a1b78a27578f13a17b -> 
  custom:container-demuxer-webm: 4f35f7cbe854078d1ac9338744f61a02 -> 
  custom:container-demuxer-ogg: 62fdf1f143b41e24485cea50d1cbac27 -> 
  custom:video-encoder-webm-vp8: eb34c28f22e8b96e1ab97ce403110664 -> 
  custom:video-codec-MediaFoundation-h265: 746d11721c4dcdbdad8f713fa42b33f4 -> 
  custom:video-decoder-webm-vp8: 9c59270c3fd7afecdb556c50c9e8de78 -> 
  custom:audio-decoder-ogg-vorbis: bf7c407c2cedff20999df2af8eb42d56 -> 
  custom:audio-encoder-webm-vorbis: bf7c407c2cedff20999df2af8eb42d56 -> 
========================================================================
Received Prepare
Registering precompiled user dll's ...
Registered in 0.010571 seconds.
Begin MonoManager ReloadAssembly
Native extension for WindowsStandalone target not found
Refreshing native plugins compatible for Editor in 0.69 ms, found 2 plugins.
Preloading 0 native plugins for Editor in 0.00 ms.
Mono: successfully reloaded assembly
- Completed reload, in  1.358 seconds
Domain Reload Profiling:
	ReloadAssembly (1358ms)
		BeginReloadAssembly (170ms)
			ExecutionOrderSort (0ms)
			DisableScriptedObjects (6ms)
			BackupInstance (0ms)
			ReleaseScriptingObjects (0ms)
			CreateAndSetChildDomain (53ms)
		EndReloadAssembly (1126ms)
			LoadAssemblies (119ms)
			RebuildTransferFunctionScriptingTraits (0ms)
			SetupTypeCache (335ms)
			ReleaseScriptCaches (1ms)
			RebuildScriptCaches (53ms)
			SetupLoadedEditorAssemblies (505ms)
				LogAssemblyErrors (0ms)
				InitializePlatformSupportModulesInManaged (5ms)
				SetLoadedEditorAssemblies (0ms)
				RefreshPlugins (1ms)
				BeforeProcessingInitializeOnLoad (67ms)
				ProcessInitializeOnLoadAttributes (348ms)
				ProcessInitializeOnLoadMethodAttributes (81ms)
				AfterProcessingInitializeOnLoad (2ms)
				EditorAssembliesLoaded (0ms)
			ExecutionOrderSort2 (0ms)
			AwakeInstancesAfterBackupRestoration (7ms)
Platform modules already initialized, skipping
Refreshing native plugins compatible for Editor in 1.11 ms, found 2 plugins.
Preloading 0 native plugins for Editor in 0.00 ms.
Unloading 2006 Unused Serialized files (Serialized files now loaded: 0)
System memory in use before: 100.1 MB.
System memory in use after: 100.2 MB.

Unloading 49 unused Assets to reduce memory usage. Loaded Objects now: 2476.
Total: 8.571100 ms (FindLiveObjects: 0.255100 ms CreateObjectMapping: 0.095800 ms MarkObjects: 8.189100 ms  DeleteObjects: 0.029400 ms)

AssetImportParameters requested are different than current active one (requested -> active):
  custom:framework-win-MediaFoundation: 216162199b28c13a410421893ffa2e32 -> 
  custom:video-decoder-ogg-theora: a1e56fd34408186e4bbccfd4996cb3dc -> 
  custom:container-muxer-webm: aa71ff27fc2769a1b78a27578f13a17b -> 
  custom:container-demuxer-webm: 4f35f7cbe854078d1ac9338744f61a02 -> 
  custom:container-demuxer-ogg: 62fdf1f143b41e24485cea50d1cbac27 -> 
  custom:video-encoder-webm-vp8: eb34c28f22e8b96e1ab97ce403110664 -> 
  custom:video-codec-MediaFoundation-h265: 746d11721c4dcdbdad8f713fa42b33f4 -> 
  custom:video-decoder-webm-vp8: 9c59270c3fd7afecdb556c50c9e8de78 -> 
  custom:audio-decoder-ogg-vorbis: bf7c407c2cedff20999df2af8eb42d56 -> 
  custom:audio-encoder-webm-vorbis: bf7c407c2cedff20999df2af8eb42d56 -> 
AssetImportWorkerClient::OnTransportError - code=2 error=End of file
