Using pre-set license
Built from '2021.1/release' branch; Version is '2021.1.16f1 (5fa502fca597) revision 6268162'; Using compiler version '192528614'; Build Type 'Release'
OS: 'Windows 10 Pro; OS build 19041.1165; Version 2004; 64bit' Language: 'en' Physical Memory: 32628 MB
BatchMode: 1, IsHumanControllingUs: 0, StartBugReporterOnCrash: 0, Is64bit: 1, IsPro: 0

 COMMAND LINE ARGUMENTS:
E:\Program Files\Unity\2021.1.16f1\Editor\Unity.exe
-adb2
-batchMode
-noUpm
-name
AssetImportWorker0
-projectPath
C:/Users/Peter/OneDrive - Flinders/Github/ThirdWorkshopDemoProject/TowerDefenseDemo
-logFile
Logs/AssetImportWorker0.log
-srvPort
56923
Successfully changed project path to: C:/Users/Peter/OneDrive - Flinders/Github/ThirdWorkshopDemoProject/TowerDefenseDemo
C:/Users/Peter/OneDrive - Flinders/Github/ThirdWorkshopDemoProject/TowerDefenseDemo
Using Asset Import Pipeline V2.
Refreshing native plugins compatible for Editor in 81.22 ms, found 2 plugins.
Preloading 0 native plugins for Editor in 0.00 ms.
Initialize engine version: 2021.1.16f1 (5fa502fca597)
[Subsystems] Discovering subsystems at path E:/Program Files/Unity/2021.1.16f1/Editor/Data/Resources/UnitySubsystems
[Subsystems] Discovering subsystems at path C:/Users/Peter/OneDrive - Flinders/Github/ThirdWorkshopDemoProject/TowerDefenseDemo/Assets
GfxDevice: creating device client; threaded=0; jobified=0
Direct3D:
    Version:  Direct3D 11.0 [level 11.1]
    Renderer: NVIDIA GeForce GTX 980 (ID=0x13c0)
    Vendor:   NVIDIA
    VRAM:     4053 MB
    Driver:   27.21.14.5671
Initialize mono
Mono path[0] = 'E:/Program Files/Unity/2021.1.16f1/Editor/Data/Managed'
Mono path[1] = 'E:/Program Files/Unity/2021.1.16f1/Editor/Data/MonoBleedingEdge/lib/mono/unityjit'
Mono config path = 'E:/Program Files/Unity/2021.1.16f1/Editor/Data/MonoBleedingEdge/etc'
Using monoOptions --debugger-agent=transport=dt_socket,embedding=1,server=y,suspend=n,address=127.0.0.1:56056
Begin MonoManager ReloadAssembly
Registering precompiled unity dll's ...
Register platform support module: E:/Program Files/Unity/2021.1.16f1/Editor/Data/PlaybackEngines/WindowsStandaloneSupport/UnityEditor.WindowsStandalone.Extensions.dll
Registered in 0.001118 seconds.
Native extension for WindowsStandalone target not found
Refreshing native plugins compatible for Editor in 64.85 ms, found 2 plugins.
Preloading 0 native plugins for Editor in 0.00 ms.
Mono: successfully reloaded assembly
- Completed reload, in  1.307 seconds
Domain Reload Profiling:
	ReloadAssembly (1307ms)
		BeginReloadAssembly (77ms)
			ExecutionOrderSort (0ms)
			DisableScriptedObjects (0ms)
			BackupInstance (0ms)
			ReleaseScriptingObjects (0ms)
			CreateAndSetChildDomain (1ms)
		EndReloadAssembly (500ms)
			LoadAssemblies (77ms)
			RebuildTransferFunctionScriptingTraits (0ms)
			SetupTypeCache (182ms)
			ReleaseScriptCaches (0ms)
			RebuildScriptCaches (44ms)
			SetupLoadedEditorAssemblies (224ms)
				LogAssemblyErrors (0ms)
				InitializePlatformSupportModulesInManaged (8ms)
				SetLoadedEditorAssemblies (0ms)
				RefreshPlugins (65ms)
				BeforeProcessingInitializeOnLoad (1ms)
				ProcessInitializeOnLoadAttributes (115ms)
				ProcessInitializeOnLoadMethodAttributes (35ms)
				AfterProcessingInitializeOnLoad (0ms)
				EditorAssembliesLoaded (0ms)
			ExecutionOrderSort2 (0ms)
			AwakeInstancesAfterBackupRestoration (0ms)
Platform modules already initialized, skipping
Registering precompiled user dll's ...
Registered in 0.011376 seconds.
Begin MonoManager ReloadAssembly
Native extension for WindowsStandalone target not found
Refreshing native plugins compatible for Editor in 0.79 ms, found 2 plugins.
Preloading 0 native plugins for Editor in 0.00 ms.
Mono: successfully reloaded assembly
- Completed reload, in  1.320 seconds
Domain Reload Profiling:
	ReloadAssembly (1320ms)
		BeginReloadAssembly (169ms)
			ExecutionOrderSort (0ms)
			DisableScriptedObjects (5ms)
			BackupInstance (0ms)
			ReleaseScriptingObjects (0ms)
			CreateAndSetChildDomain (25ms)
		EndReloadAssembly (1092ms)
			LoadAssemblies (118ms)
			RebuildTransferFunctionScriptingTraits (0ms)
			SetupTypeCache (321ms)
			ReleaseScriptCaches (1ms)
			RebuildScriptCaches (51ms)
			SetupLoadedEditorAssemblies (504ms)
				LogAssemblyErrors (0ms)
				InitializePlatformSupportModulesInManaged (4ms)
				SetLoadedEditorAssemblies (0ms)
				RefreshPlugins (1ms)
				BeforeProcessingInitializeOnLoad (65ms)
				ProcessInitializeOnLoadAttributes (350ms)
				ProcessInitializeOnLoadMethodAttributes (81ms)
				AfterProcessingInitializeOnLoad (2ms)
				EditorAssembliesLoaded (0ms)
			ExecutionOrderSort2 (0ms)
			AwakeInstancesAfterBackupRestoration (12ms)
Platform modules already initialized, skipping
========================================================================
Worker process is ready to serve import requests
Launched and connected shader compiler UnityShaderCompiler.exe after 0.05 seconds
Refreshing native plugins compatible for Editor in 0.73 ms, found 2 plugins.
Preloading 0 native plugins for Editor in 0.00 ms.
Unloading 2028 Unused Serialized files (Serialized files now loaded: 0)
System memory in use before: 102.7 MB.
System memory in use after: 102.8 MB.

Unloading 58 unused Assets to reduce memory usage. Loaded Objects now: 2472.
Total: 6.766900 ms (FindLiveObjects: 0.174200 ms CreateObjectMapping: 0.075000 ms MarkObjects: 6.383600 ms  DeleteObjects: 0.132700 ms)

AssetImportParameters requested are different than current active one (requested -> active):
  custom:framework-win-MediaFoundation: 216162199b28c13a410421893ffa2e32 -> 
  custom:video-decoder-ogg-theora: a1e56fd34408186e4bbccfd4996cb3dc -> 
  custom:container-muxer-webm: aa71ff27fc2769a1b78a27578f13a17b -> 
  custom:container-demuxer-webm: 4f35f7cbe854078d1ac9338744f61a02 -> 
  custom:container-demuxer-ogg: 62fdf1f143b41e24485cea50d1cbac27 -> 
  custom:video-encoder-webm-vp8: eb34c28f22e8b96e1ab97ce403110664 -> 
  custom:video-codec-MediaFoundation-h265: 746d11721c4dcdbdad8f713fa42b33f4 -> 
  custom:video-decoder-webm-vp8: 9c59270c3fd7afecdb556c50c9e8de78 -> 
  custom:audio-decoder-ogg-vorbis: bf7c407c2cedff20999df2af8eb42d56 -> 
  custom:audio-encoder-webm-vorbis: bf7c407c2cedff20999df2af8eb42d56 -> 
========================================================================
Received Import Request.
  path: Assets/TowerDefence/Environment/Terrain
  artifactKey: Guid(fa77bdb81c9a2b84a947b597fc1d98c0) Importer(815301076,1909f56bfc062723c751e8b465ee728b)
Start importing Assets/TowerDefence/Environment/Terrain using Guid(fa77bdb81c9a2b84a947b597fc1d98c0) Importer(815301076,1909f56bfc062723c751e8b465ee728b)  -> (artifact id: 'a3c6347970114f73cd70d7450b6a4842') in 0.006437 seconds 
========================================================================
Received Import Request.
  Time since last request: 0.000348 seconds.
  path: Assets/TowerDefence/Environment
  artifactKey: Guid(fc9bbbdba04aa694593b74f994b03628) Importer(815301076,1909f56bfc062723c751e8b465ee728b)
Start importing Assets/TowerDefence/Environment using Guid(fc9bbbdba04aa694593b74f994b03628) Importer(815301076,1909f56bfc062723c751e8b465ee728b)  -> (artifact id: '200eeeacdeadfecd1e1bf85d17036850') in 0.003041 seconds 
========================================================================
Received Import Request.
  Time since last request: 0.000316 seconds.
  path: Assets/TowerDefence/Environment/New Terrain.asset
  artifactKey: Guid(98ccfcb7c3b0572418c536db5bef58e5) Importer(815301076,1909f56bfc062723c751e8b465ee728b)
Start importing Assets/TowerDefence/Environment/New Terrain.asset using Guid(98ccfcb7c3b0572418c536db5bef58e5) Importer(815301076,1909f56bfc062723c751e8b465ee728b) Received signal SIGSEGV
Stack trace:
0x00007ff6e800ec04 (Unity) CreateAssetToGUIDMappingV2
0x00007ff6e7fb82ca (Unity) AssetDatabase::CreateAssetToGUIDMapping
0x00007ff6e86d723b (Unity) SplatDatabase::CreateTerrainLayerAsset
0x00007ff6e86d6100 (Unity) SplatDatabase::ConvertSplatsToTerrainLayers
0x00007ff6e86d315c (Unity) SplatDatabase::AwakeFromLoad
0x00007ff6e870fe96 (Unity) TerrainData::AwakeFromLoad
0x00007ff6e771af1f (Unity) AwakeFromLoadQueue::InvokePersistentManagerAwake
0x00007ff6e771b8b2 (Unity) AwakeFromLoadQueue::PersistentManagerAwakeFromLoad
0x00007ff6e771ba3a (Unity) AwakeFromLoadQueue::PersistentManagerAwakeFromLoad
0x00007ff6e76ef85f (Unity) PersistentManager::IntegrateAllThreadedObjects
0x00007ff6e76f03c7 (Unity) PersistentManager::LoadAndIntegrateAllPreallocatedObjects
0x00007ff6e76f38e2 (Unity) PersistentManager::ReadObject
0x00007ff6e7fb1311 (Unity) WritePreviews
0x00007ff6e7fadd13 (Unity) PreviewImporter::GenerateAssetData
0x00007ff6e804828e (Unity) ImportToObjects
0x00007ff6e8047288 (Unity) ImportAsset
0x00007ff6e7fe58ef (Unity) AssetImportWorker::Import
0x00007ff6e80089a2 (Unity) <lambda_9a0c3c600e605f826d039b184a304624>::operator()
0x00007ff6e808f122 (Unity) asio::detail::completion_handler<core::mutable_function<void __cdecl(void)> >::do_complete
0x00007ff6e8091390 (Unity) asio::detail::win_iocp_io_service::do_one
0x00007ff6e8094a7e (Unity) asio::io_service::run
0x00007ff6e8030f5a (Unity) RunAssetImportWorkerClientV2
0x00007ff6e8030fb0 (Unity) RunAssetImporterV2
0x00007ff6e7b346f7 (Unity) Application::InitializeProject
0x00007ff6e7f43ec7 (Unity) WinMain
0x00007ff6e9aa4672 (Unity) __scrt_common_main_seh
0x00007ffc55e47034 (KERNEL32) BaseThreadInitThunk
0x00007ffc57e22651 (ntdll) RtlUserThreadStart

