Using pre-set license
Built from '2021.1/release' branch; Version is '2021.1.16f1 (5fa502fca597) revision 6268162'; Using compiler version '192528614'; Build Type 'Release'
OS: 'Windows 10 Pro; OS build 19041.1165; Version 2004; 64bit' Language: 'en' Physical Memory: 32628 MB
BatchMode: 1, IsHumanControllingUs: 0, StartBugReporterOnCrash: 0, Is64bit: 1, IsPro: 0

 COMMAND LINE ARGUMENTS:
E:\Program Files\Unity\2021.1.16f1\Editor\Unity.exe
-adb2
-batchMode
-noUpm
-name
AssetImportWorker1
-projectPath
C:/Users/Peter/OneDrive - Flinders/Github/ThirdWorkshopDemoProject/TowerDefenseDemo
-logFile
Logs/AssetImportWorker1.log
-srvPort
56923
Successfully changed project path to: C:/Users/Peter/OneDrive - Flinders/Github/ThirdWorkshopDemoProject/TowerDefenseDemo
C:/Users/Peter/OneDrive - Flinders/Github/ThirdWorkshopDemoProject/TowerDefenseDemo
Using Asset Import Pipeline V2.
Refreshing native plugins compatible for Editor in 80.96 ms, found 2 plugins.
Preloading 0 native plugins for Editor in 0.00 ms.
Initialize engine version: 2021.1.16f1 (5fa502fca597)
[Subsystems] Discovering subsystems at path E:/Program Files/Unity/2021.1.16f1/Editor/Data/Resources/UnitySubsystems
[Subsystems] Discovering subsystems at path C:/Users/Peter/OneDrive - Flinders/Github/ThirdWorkshopDemoProject/TowerDefenseDemo/Assets
GfxDevice: creating device client; threaded=0; jobified=0
Direct3D:
    Version:  Direct3D 11.0 [level 11.1]
    Renderer: NVIDIA GeForce GTX 980 (ID=0x13c0)
    Vendor:   NVIDIA
    VRAM:     4053 MB
    Driver:   27.21.14.5671
Initialize mono
Mono path[0] = 'E:/Program Files/Unity/2021.1.16f1/Editor/Data/Managed'
Mono path[1] = 'E:/Program Files/Unity/2021.1.16f1/Editor/Data/MonoBleedingEdge/lib/mono/unityjit'
Mono config path = 'E:/Program Files/Unity/2021.1.16f1/Editor/Data/MonoBleedingEdge/etc'
Using monoOptions --debugger-agent=transport=dt_socket,embedding=1,server=y,suspend=n,address=127.0.0.1:56584
Begin MonoManager ReloadAssembly
Registering precompiled unity dll's ...
Register platform support module: E:/Program Files/Unity/2021.1.16f1/Editor/Data/PlaybackEngines/WindowsStandaloneSupport/UnityEditor.WindowsStandalone.Extensions.dll
Registered in 0.002067 seconds.
Native extension for WindowsStandalone target not found
Refreshing native plugins compatible for Editor in 60.74 ms, found 2 plugins.
Preloading 0 native plugins for Editor in 0.00 ms.
Mono: successfully reloaded assembly
- Completed reload, in  1.354 seconds
Domain Reload Profiling:
	ReloadAssembly (1354ms)
		BeginReloadAssembly (79ms)
			ExecutionOrderSort (0ms)
			DisableScriptedObjects (0ms)
			BackupInstance (0ms)
			ReleaseScriptingObjects (0ms)
			CreateAndSetChildDomain (1ms)
		EndReloadAssembly (514ms)
			LoadAssemblies (78ms)
			RebuildTransferFunctionScriptingTraits (0ms)
			SetupTypeCache (208ms)
			ReleaseScriptCaches (0ms)
			RebuildScriptCaches (34ms)
			SetupLoadedEditorAssemblies (221ms)
				LogAssemblyErrors (0ms)
				InitializePlatformSupportModulesInManaged (6ms)
				SetLoadedEditorAssemblies (0ms)
				RefreshPlugins (61ms)
				BeforeProcessingInitializeOnLoad (1ms)
				ProcessInitializeOnLoadAttributes (120ms)
				ProcessInitializeOnLoadMethodAttributes (33ms)
				AfterProcessingInitializeOnLoad (0ms)
				EditorAssembliesLoaded (0ms)
			ExecutionOrderSort2 (0ms)
			AwakeInstancesAfterBackupRestoration (0ms)
Platform modules already initialized, skipping
Registering precompiled user dll's ...
Registered in 0.014187 seconds.
Begin MonoManager ReloadAssembly
Native extension for WindowsStandalone target not found
Refreshing native plugins compatible for Editor in 0.78 ms, found 2 plugins.
Preloading 0 native plugins for Editor in 0.00 ms.
Mono: successfully reloaded assembly
- Completed reload, in  1.608 seconds
Domain Reload Profiling:
	ReloadAssembly (1609ms)
		BeginReloadAssembly (230ms)
			ExecutionOrderSort (0ms)
			DisableScriptedObjects (7ms)
			BackupInstance (0ms)
			ReleaseScriptingObjects (0ms)
			CreateAndSetChildDomain (33ms)
		EndReloadAssembly (1290ms)
			LoadAssemblies (154ms)
			RebuildTransferFunctionScriptingTraits (0ms)
			SetupTypeCache (372ms)
			ReleaseScriptCaches (1ms)
			RebuildScriptCaches (53ms)
			SetupLoadedEditorAssemblies (612ms)
				LogAssemblyErrors (0ms)
				InitializePlatformSupportModulesInManaged (4ms)
				SetLoadedEditorAssemblies (0ms)
				RefreshPlugins (1ms)
				BeforeProcessingInitializeOnLoad (81ms)
				ProcessInitializeOnLoadAttributes (430ms)
				ProcessInitializeOnLoadMethodAttributes (92ms)
				AfterProcessingInitializeOnLoad (2ms)
				EditorAssembliesLoaded (0ms)
			ExecutionOrderSort2 (0ms)
			AwakeInstancesAfterBackupRestoration (8ms)
Platform modules already initialized, skipping
========================================================================
Worker process is ready to serve import requests
Launched and connected shader compiler UnityShaderCompiler.exe after 0.05 seconds
Refreshing native plugins compatible for Editor in 0.64 ms, found 2 plugins.
Preloading 0 native plugins for Editor in 0.00 ms.
Unloading 2028 Unused Serialized files (Serialized files now loaded: 0)
System memory in use before: 102.7 MB.
System memory in use after: 102.8 MB.

Unloading 58 unused Assets to reduce memory usage. Loaded Objects now: 2472.
Total: 9.137200 ms (FindLiveObjects: 0.224600 ms CreateObjectMapping: 0.154700 ms MarkObjects: 8.543300 ms  DeleteObjects: 0.212600 ms)

AssetImportParameters requested are different than current active one (requested -> active):
  custom:framework-win-MediaFoundation: 216162199b28c13a410421893ffa2e32 -> 
  custom:video-decoder-ogg-theora: a1e56fd34408186e4bbccfd4996cb3dc -> 
  custom:container-muxer-webm: aa71ff27fc2769a1b78a27578f13a17b -> 
  custom:container-demuxer-webm: 4f35f7cbe854078d1ac9338744f61a02 -> 
  custom:container-demuxer-ogg: 62fdf1f143b41e24485cea50d1cbac27 -> 
  custom:video-encoder-webm-vp8: eb34c28f22e8b96e1ab97ce403110664 -> 
  custom:video-codec-MediaFoundation-h265: 746d11721c4dcdbdad8f713fa42b33f4 -> 
  custom:video-decoder-webm-vp8: 9c59270c3fd7afecdb556c50c9e8de78 -> 
  custom:audio-decoder-ogg-vorbis: bf7c407c2cedff20999df2af8eb42d56 -> 
  custom:audio-encoder-webm-vorbis: bf7c407c2cedff20999df2af8eb42d56 -> 
========================================================================
Received Import Request.
  path: Assets/TowerDefence/Environment/Terrain/layer_FloorsCheckerboard0024_1_SFloorsCheckerboard0024_1_S_NRM.terrainlayer
  artifactKey: Guid(f28b50b6b6eb9e24f95dd086a9e4b963) Importer(815301076,1909f56bfc062723c751e8b465ee728b)
Start importing Assets/TowerDefence/Environment/Terrain/layer_FloorsCheckerboard0024_1_SFloorsCheckerboard0024_1_S_NRM.terrainlayer using Guid(f28b50b6b6eb9e24f95dd086a9e4b963) Importer(815301076,1909f56bfc062723c751e8b465ee728b)  -> (artifact id: '015a5c778c1ca61c5cc07be1c9608129') in 0.121225 seconds 
========================================================================
Received Import Request.
  Time since last request: 17.232022 seconds.
  path: Assets/TowerDefence/Environment/Terrain/layer_FloorsMedieval0063_1_SFloorsMedieval0063_1_S_NRM.terrainlayer
  artifactKey: Guid(4cfd4b52e0777784aa653ee19aa77f45) Importer(815301076,1909f56bfc062723c751e8b465ee728b)
Start importing Assets/TowerDefence/Environment/Terrain/layer_FloorsMedieval0063_1_SFloorsMedieval0063_1_S_NRM.terrainlayer using Guid(4cfd4b52e0777784aa653ee19aa77f45) Importer(815301076,1909f56bfc062723c751e8b465ee728b)  -> (artifact id: '86b1ce31c7566921bd6ab93dcb629802') in 0.023326 seconds 
========================================================================
Received Import Request.
  Time since last request: 9.576531 seconds.
  path: Assets/TowerDefence/Environment/Terrain/layer_FloorsPortuguese0088_1_SFloorsPortuguese0088_1_S_NRM.terrainlayer
  artifactKey: Guid(4aa6b2eb980628741bd7309f63049877) Importer(815301076,1909f56bfc062723c751e8b465ee728b)
Start importing Assets/TowerDefence/Environment/Terrain/layer_FloorsPortuguese0088_1_SFloorsPortuguese0088_1_S_NRM.terrainlayer using Guid(4aa6b2eb980628741bd7309f63049877) Importer(815301076,1909f56bfc062723c751e8b465ee728b)  -> (artifact id: '4786437a9e45617966786ee872ff8a27') in 0.014164 seconds 
========================================================================
Received Import Request.
  Time since last request: 10.396079 seconds.
  path: Assets/TowerDefence/Environment/Terrain/layer_Grass0026_12_SGrass0026_12_S_NRM.terrainlayer
  artifactKey: Guid(40bf71b8c29dd4e439cd3949454ae0e1) Importer(815301076,1909f56bfc062723c751e8b465ee728b)
Start importing Assets/TowerDefence/Environment/Terrain/layer_Grass0026_12_SGrass0026_12_S_NRM.terrainlayer using Guid(40bf71b8c29dd4e439cd3949454ae0e1) Importer(815301076,1909f56bfc062723c751e8b465ee728b)  -> (artifact id: 'abeb43566bbf6f5b892c68ad9f45f2b0') in 0.010565 seconds 
========================================================================
Received Import Request.
  Time since last request: 10.330467 seconds.
  path: Assets/TowerDefence/Environment/Terrain/layer_Grass0100_7_SGrass0100_7_S_NRM.terrainlayer
  artifactKey: Guid(708afa54602ab5040b6ac0c2047c1326) Importer(815301076,1909f56bfc062723c751e8b465ee728b)
Start importing Assets/TowerDefence/Environment/Terrain/layer_Grass0100_7_SGrass0100_7_S_NRM.terrainlayer using Guid(708afa54602ab5040b6ac0c2047c1326) Importer(815301076,1909f56bfc062723c751e8b465ee728b)  -> (artifact id: '9ca6dc0356f7850dfc2922ff1b5a779e') in 0.013123 seconds 
========================================================================
Received Import Request.
  Time since last request: 9.054642 seconds.
  path: Assets/TowerDefence/Environment/Terrain/layer_Grass0106_5_SGrass0106_5_S_NRM.terrainlayer
  artifactKey: Guid(9469cf22cc8f6b843a1fb6de0c8856ae) Importer(815301076,1909f56bfc062723c751e8b465ee728b)
Start importing Assets/TowerDefence/Environment/Terrain/layer_Grass0106_5_SGrass0106_5_S_NRM.terrainlayer using Guid(9469cf22cc8f6b843a1fb6de0c8856ae) Importer(815301076,1909f56bfc062723c751e8b465ee728b)  -> (artifact id: '3e02c2e64e5f93f8fa0d687f0f592622') in 0.010531 seconds 
========================================================================
Received Import Request.
  Time since last request: 12.676768 seconds.
  path: Assets/TowerDefence/Environment/Terrain/layer_Grass0120_9_SGrass0120_9_S_NRM.terrainlayer
  artifactKey: Guid(f4bb2952f71b60142891bfd758688d0c) Importer(815301076,1909f56bfc062723c751e8b465ee728b)
Start importing Assets/TowerDefence/Environment/Terrain/layer_Grass0120_9_SGrass0120_9_S_NRM.terrainlayer using Guid(f4bb2952f71b60142891bfd758688d0c) Importer(815301076,1909f56bfc062723c751e8b465ee728b)  -> (artifact id: 'ebcd60fc740bfc0eb415b699174ce3d5') in 0.012949 seconds 
========================================================================
Received Import Request.
  Time since last request: 10.383872 seconds.
  path: Assets/TowerDefence/Environment/Terrain/layer_Grass0165_9_SGrass0165_9_S_NRM.terrainlayer
  artifactKey: Guid(1213396712dc8d742b846bfdf1cbeeb5) Importer(815301076,1909f56bfc062723c751e8b465ee728b)
Start importing Assets/TowerDefence/Environment/Terrain/layer_Grass0165_9_SGrass0165_9_S_NRM.terrainlayer using Guid(1213396712dc8d742b846bfdf1cbeeb5) Importer(815301076,1909f56bfc062723c751e8b465ee728b)  -> (artifact id: 'fc2671ca86300aeaffb7ac317d5d1688') in 0.014951 seconds 
========================================================================
Received Import Request.
  Time since last request: 11.551864 seconds.
  path: Assets/TowerDefence/Environment/Terrain/layer_Grass0181_7_SGrass0181_7_S_NRM.terrainlayer
  artifactKey: Guid(7fda20b807afe5d4dbdd20d971039309) Importer(815301076,1909f56bfc062723c751e8b465ee728b)
Start importing Assets/TowerDefence/Environment/Terrain/layer_Grass0181_7_SGrass0181_7_S_NRM.terrainlayer using Guid(7fda20b807afe5d4dbdd20d971039309) Importer(815301076,1909f56bfc062723c751e8b465ee728b)  -> (artifact id: '6321349649b86476100f45653a2bb840') in 0.010358 seconds 
========================================================================
Received Import Request.
  Time since last request: 11.249248 seconds.
  path: Assets/TowerDefence/Environment/Terrain/layer_GrassDead0042_11_SGrassDead0042_11_S_NRM.terrainlayer
  artifactKey: Guid(e160f5bc74fb4c3429b7b48d5bc4e678) Importer(815301076,1909f56bfc062723c751e8b465ee728b)
Start importing Assets/TowerDefence/Environment/Terrain/layer_GrassDead0042_11_SGrassDead0042_11_S_NRM.terrainlayer using Guid(e160f5bc74fb4c3429b7b48d5bc4e678) Importer(815301076,1909f56bfc062723c751e8b465ee728b)  -> (artifact id: '717a7e326443ec210cbdac3b844c929f') in 0.010746 seconds 
========================================================================
Received Import Request.
  Time since last request: 8.518722 seconds.
  path: Assets/TowerDefence/Environment/Terrain/layer_GrassDead0067_12_SGrassDead0067_12_S_NRM.terrainlayer
  artifactKey: Guid(06a51d85cf2adb942b78c32559e18750) Importer(815301076,1909f56bfc062723c751e8b465ee728b)
Start importing Assets/TowerDefence/Environment/Terrain/layer_GrassDead0067_12_SGrassDead0067_12_S_NRM.terrainlayer using Guid(06a51d85cf2adb942b78c32559e18750) Importer(815301076,1909f56bfc062723c751e8b465ee728b)  -> (artifact id: '6bfce4c893cf3bf35c0daefa58153a58') in 0.008993 seconds 
========================================================================
Received Import Request.
  Time since last request: 9.140334 seconds.
  path: Assets/TowerDefence/Environment/Terrain/layer_Gravel0159_12_SGravel0159_12_S_NRM.terrainlayer
  artifactKey: Guid(36846d5b98f42c540a10692a8f405e52) Importer(815301076,1909f56bfc062723c751e8b465ee728b)
Start importing Assets/TowerDefence/Environment/Terrain/layer_Gravel0159_12_SGravel0159_12_S_NRM.terrainlayer using Guid(36846d5b98f42c540a10692a8f405e52) Importer(815301076,1909f56bfc062723c751e8b465ee728b)  -> (artifact id: 'baccc370b807f47f0747f98587e814dd') in 0.009396 seconds 
========================================================================
Received Import Request.
  Time since last request: 13.940207 seconds.
  path: Assets/TowerDefence/Environment/Terrain/layer_LeavesDead0009_1_SLeavesDead0009_1_S_NRM.terrainlayer
  artifactKey: Guid(a81d5b1e37563804887c0c59082d5fed) Importer(815301076,1909f56bfc062723c751e8b465ee728b)
Start importing Assets/TowerDefence/Environment/Terrain/layer_LeavesDead0009_1_SLeavesDead0009_1_S_NRM.terrainlayer using Guid(a81d5b1e37563804887c0c59082d5fed) Importer(815301076,1909f56bfc062723c751e8b465ee728b)  -> (artifact id: '77df85edbd677ae20e4d9735e7a9552c') in 0.011237 seconds 
========================================================================
Received Import Request.
  Time since last request: 10.139075 seconds.
  path: Assets/TowerDefence/Environment/Terrain/layer_Moss0141_5_SMoss0141_5_S_NRM.terrainlayer
  artifactKey: Guid(fbf2b9dc7f92546428e5a4b394e5ed54) Importer(815301076,1909f56bfc062723c751e8b465ee728b)
Start importing Assets/TowerDefence/Environment/Terrain/layer_Moss0141_5_SMoss0141_5_S_NRM.terrainlayer using Guid(fbf2b9dc7f92546428e5a4b394e5ed54) Importer(815301076,1909f56bfc062723c751e8b465ee728b)  -> (artifact id: 'c4275893a789ec99bc78977c55578eb5') in 0.010875 seconds 
========================================================================
Received Import Request.
  Time since last request: 11.007703 seconds.
  path: Assets/TowerDefence/Environment/Terrain/layer_RockSharp0018_1_SRockSharp0018_1_S_NRM.terrainlayer
  artifactKey: Guid(48d7746d454f7e44f914940d303d1d5f) Importer(815301076,1909f56bfc062723c751e8b465ee728b)
Start importing Assets/TowerDefence/Environment/Terrain/layer_RockSharp0018_1_SRockSharp0018_1_S_NRM.terrainlayer using Guid(48d7746d454f7e44f914940d303d1d5f) Importer(815301076,1909f56bfc062723c751e8b465ee728b)  -> (artifact id: '12dde6866fb5fbfac6bc57a92120fe67') in 0.010666 seconds 
========================================================================
Received Import Request.
  Time since last request: 13.204069 seconds.
  path: Assets/TowerDefence/Environment/Terrain/layer_RockSharp0057_24_SRockSharp0057_24_S_NRM.terrainlayer
  artifactKey: Guid(f376d8c3b84d284438a94abb2acc5c75) Importer(815301076,1909f56bfc062723c751e8b465ee728b)
Start importing Assets/TowerDefence/Environment/Terrain/layer_RockSharp0057_24_SRockSharp0057_24_S_NRM.terrainlayer using Guid(f376d8c3b84d284438a94abb2acc5c75) Importer(815301076,1909f56bfc062723c751e8b465ee728b)  -> (artifact id: 'e84de27183185a94bd99a1eb265c90f1') in 0.013172 seconds 
========================================================================
Received Import Request.
  Time since last request: 13.229106 seconds.
  path: Assets/TowerDefence/Environment/Terrain/layer_RockSharp0122_1_SRockSharp0122_1_S_NRM.terrainlayer
  artifactKey: Guid(a3a43d44edfb5054f98404da6176b149) Importer(815301076,1909f56bfc062723c751e8b465ee728b)
Start importing Assets/TowerDefence/Environment/Terrain/layer_RockSharp0122_1_SRockSharp0122_1_S_NRM.terrainlayer using Guid(a3a43d44edfb5054f98404da6176b149) Importer(815301076,1909f56bfc062723c751e8b465ee728b)  -> (artifact id: 'a131edb5a11942130ce47dae7f58500b') in 0.012102 seconds 
========================================================================
Received Import Request.
  Time since last request: 22.917115 seconds.
  path: Assets/TowerDefence/Environment/Terrain/layer_SandPebbles0029_12_SSandPebbles0029_12_S_NRM.terrainlayer
  artifactKey: Guid(9fa3b6d819ec27246859d728e328b0c1) Importer(815301076,1909f56bfc062723c751e8b465ee728b)
Start importing Assets/TowerDefence/Environment/Terrain/layer_SandPebbles0029_12_SSandPebbles0029_12_S_NRM.terrainlayer using Guid(9fa3b6d819ec27246859d728e328b0c1) Importer(815301076,1909f56bfc062723c751e8b465ee728b)  -> (artifact id: 'd2f92e17e85c0dd03f969143cd9cb774') in 0.009951 seconds 
========================================================================
Received Import Request.
  Time since last request: 10.472825 seconds.
  path: Assets/TowerDefence/Environment/Terrain/layer_SandPebbles0055_1_SSandPebbles0055_1_S_NRM.terrainlayer
  artifactKey: Guid(68f54fc78eb807f49aeee1bac4cb9926) Importer(815301076,1909f56bfc062723c751e8b465ee728b)
Start importing Assets/TowerDefence/Environment/Terrain/layer_SandPebbles0055_1_SSandPebbles0055_1_S_NRM.terrainlayer using Guid(68f54fc78eb807f49aeee1bac4cb9926) Importer(815301076,1909f56bfc062723c751e8b465ee728b)  -> (artifact id: '44e2e89d7b5898fd9b7acedb8ae34b0d') in 0.010434 seconds 
========================================================================
Received Import Request.
  Time since last request: 12.735233 seconds.
  path: Assets/TowerDefence/Environment/Terrain/layer_SandPebbles0058_15_SSandPebbles0058_15_S_NRM.terrainlayer
  artifactKey: Guid(66726af9653026b438f9b4ce286a4c44) Importer(815301076,1909f56bfc062723c751e8b465ee728b)
Start importing Assets/TowerDefence/Environment/Terrain/layer_SandPebbles0058_15_SSandPebbles0058_15_S_NRM.terrainlayer using Guid(66726af9653026b438f9b4ce286a4c44) Importer(815301076,1909f56bfc062723c751e8b465ee728b)  -> (artifact id: '46b639c782ebc23e01dc0c9bf7f98842') in 0.009530 seconds 
========================================================================
Received Import Request.
  Time since last request: 9.387233 seconds.
  path: Assets/TowerDefence/Environment/Terrain/layer_SoilBeach0134_9_SSoilBeach0134_9_S_NRM.terrainlayer
  artifactKey: Guid(66e70d7c73886df4ab26d98bfaf5b606) Importer(815301076,1909f56bfc062723c751e8b465ee728b)
Start importing Assets/TowerDefence/Environment/Terrain/layer_SoilBeach0134_9_SSoilBeach0134_9_S_NRM.terrainlayer using Guid(66e70d7c73886df4ab26d98bfaf5b606) Importer(815301076,1909f56bfc062723c751e8b465ee728b)  -> (artifact id: 'bc67fabcaea9a4dac45196b1078869a7') in 0.009925 seconds 
========================================================================
Received Import Request.
  Time since last request: 12.569475 seconds.
  path: Assets/TowerDefence/Environment/Terrain/layer_SoilMud0065_5_SSoilMud0065_5_S_NRM.terrainlayer
  artifactKey: Guid(0cad5cdaefc0cc6429e571185ca2fc43) Importer(815301076,1909f56bfc062723c751e8b465ee728b)
Start importing Assets/TowerDefence/Environment/Terrain/layer_SoilMud0065_5_SSoilMud0065_5_S_NRM.terrainlayer using Guid(0cad5cdaefc0cc6429e571185ca2fc43) Importer(815301076,1909f56bfc062723c751e8b465ee728b)  -> (artifact id: '611925ca5f01897b88ff376b1882e200') in 0.012530 seconds 
========================================================================
Received Import Request.
  Time since last request: 16.767019 seconds.
  path: Assets/TowerDefence/Environment/Terrain/layer_TerrainTex_Snow1_04_d.terrainlayer
  artifactKey: Guid(3f60cd4617e790f4f8355f4724df809f) Importer(815301076,1909f56bfc062723c751e8b465ee728b)
Start importing Assets/TowerDefence/Environment/Terrain/layer_TerrainTex_Snow1_04_d.terrainlayer using Guid(3f60cd4617e790f4f8355f4724df809f) Importer(815301076,1909f56bfc062723c751e8b465ee728b)  -> (artifact id: 'fe379ac3dae6148fcae34c90ab236d23') in 0.018056 seconds 
========================================================================
Received Import Request.
  Time since last request: 12.096823 seconds.
  path: Assets/TowerDefence/Environment/Terrain/layer_TerrainTex_Snow1_07_d.terrainlayer
  artifactKey: Guid(6a0f923db33a0e5428c86d38b749a228) Importer(815301076,1909f56bfc062723c751e8b465ee728b)
Start importing Assets/TowerDefence/Environment/Terrain/layer_TerrainTex_Snow1_07_d.terrainlayer using Guid(6a0f923db33a0e5428c86d38b749a228) Importer(815301076,1909f56bfc062723c751e8b465ee728b)  -> (artifact id: 'b242f537fdf01ad1a30f7a8f45b603e4') in 0.011936 seconds 
AssetImportWorkerClient::OnTransportError - code=2 error=End of file
